InnoDB: using atomic writes.
2021-03-02  8:26:02 0 [Note] InnoDB: Mutexes and rw_locks use Windows interlocked functions
2021-03-02  8:26:02 0 [Note] InnoDB: Uses event mutexes
2021-03-02  8:26:02 0 [Note] InnoDB: Compressed tables use zlib 1.2.11
2021-03-02  8:26:02 0 [Note] InnoDB: Number of pools: 1
2021-03-02  8:26:02 0 [Note] InnoDB: Using SSE2 crc32 instructions
2021-03-02  8:26:02 0 [Note] InnoDB: Initializing buffer pool, total size = 16M, instances = 1, chunk size = 16M
2021-03-02  8:26:02 0 [Note] InnoDB: Completed initialization of buffer pool
2021-03-02  8:26:02 0 [Note] InnoDB: Starting crash recovery from checkpoint LSN=300288
2021-03-02  8:26:02 0 [Note] InnoDB: 128 out of 128 rollback segments are active.
2021-03-02  8:26:02 0 [Note] InnoDB: Removed temporary tablespace data file: "ibtmp1"
2021-03-02  8:26:02 0 [Note] InnoDB: Creating shared tablespace for temporary tables
2021-03-02  8:26:02 0 [Note] InnoDB: Setting file 'C:\Users\tdavi\Documents\GitHub\SeniorProject\xampp\mysql\data\ibtmp1' size to 12 MB. Physically writing the file full; Please wait ...
2021-03-02  8:26:02 0 [Note] InnoDB: File 'C:\Users\tdavi\Documents\GitHub\SeniorProject\xampp\mysql\data\ibtmp1' size is now 12 MB.
2021-03-02  8:26:02 0 [Note] InnoDB: Waiting for purge to start
2021-03-02  8:26:02 0 [Note] InnoDB: 10.4.17 started; log sequence number 300297; transaction id 170
2021-03-02  8:26:02 0 [Note] InnoDB: Loading buffer pool(s) from C:\Users\tdavi\Documents\GitHub\SeniorProject\xampp\mysql\data\ib_buffer_pool
2021-03-02  8:26:02 0 [Note] Plugin 'FEEDBACK' is disabled.
2021-03-02  8:26:02 0 [Note] InnoDB: Buffer pool(s) load completed at 210302  8:26:02
2021-03-02  8:26:02 0 [Note] Server socket created on IP: '::'.
InnoDB: using atomic writes.
2021-03-02  9:05:42 0 [Note] InnoDB: Mutexes and rw_locks use Windows interlocked functions
2021-03-02  9:05:42 0 [Note] InnoDB: Uses event mutexes
2021-03-02  9:05:42 0 [Note] InnoDB: Compressed tables use zlib 1.2.11
2021-03-02  9:05:42 0 [Note] InnoDB: Number of pools: 1
2021-03-02  9:05:42 0 [Note] InnoDB: Using SSE2 crc32 instructions
2021-03-02  9:05:42 0 [Note] InnoDB: Initializing buffer pool, total size = 16M, instances = 1, chunk size = 16M
2021-03-02  9:05:42 0 [Note] InnoDB: Completed initialization of buffer pool
2021-03-02  9:05:42 0 [Note] InnoDB: Starting crash recovery from checkpoint LSN=300954
2021-03-02  9:05:42 0 [Note] InnoDB: 128 out of 128 rollback segments are active.
2021-03-02  9:05:42 0 [Note] InnoDB: Removed temporary tablespace data file: "ibtmp1"
2021-03-02  9:05:43 0 [Note] InnoDB: Creating shared tablespace for temporary tables
2021-03-02  9:05:43 0 [Note] InnoDB: Setting file 'C:\Users\tdavi\Documents\GitHub\SeniorProject\xampp\mysql\data\ibtmp1' size to 12 MB. Physically writing the file full; Please wait ...
2021-03-02  9:05:43 0 [Note] InnoDB: File 'C:\Users\tdavi\Documents\GitHub\SeniorProject\xampp\mysql\data\ibtmp1' size is now 12 MB.
2021-03-02  9:05:43 0 [Note] InnoDB: Waiting for purge to start
2021-03-02  9:05:43 0 [Note] InnoDB: 10.4.17 started; log sequence number 300963; transaction id 195
2021-03-02  9:05:43 0 [Note] InnoDB: Loading buffer pool(s) from C:\Users\tdavi\Documents\GitHub\SeniorProject\xampp\mysql\data\ib_buffer_pool
2021-03-02  9:05:43 0 [Note] Plugin 'FEEDBACK' is disabled.
2021-03-02  9:05:43 0 [Note] InnoDB: Buffer pool(s) load completed at 210302  9:05:43
2021-03-02  9:05:43 0 [Note] Server socket created on IP: '::'.
