[Tue Mar 02 08:26:00.962126 2021] [ssl:warn] [pid 19764:tid 576] AH01909: www.example.com:443:0 server certificate does NOT include an ID which matches the server name
[Tue Mar 02 08:26:01.132047 2021] [ssl:warn] [pid 19764:tid 576] AH01909: www.example.com:443:0 server certificate does NOT include an ID which matches the server name
[Tue Mar 02 08:26:01.669865 2021] [mpm_winnt:notice] [pid 19764:tid 576] AH00455: Apache/2.4.46 (Win64) OpenSSL/1.1.1h PHP/8.0.2 configured -- resuming normal operations
[Tue Mar 02 08:26:01.669865 2021] [mpm_winnt:notice] [pid 19764:tid 576] AH00456: Apache Lounge VS16 Server built: Oct  2 2020 11:45:39
[Tue Mar 02 08:26:01.669865 2021] [core:notice] [pid 19764:tid 576] AH00094: Command line: 'c:\\users\\tdavi\\documents\\github\\seniorproject\\xampp\\apache\\bin\\httpd.exe -d C:/Users/tdavi/Documents/GitHub/SeniorProject/xampp/apache'
[Tue Mar 02 08:26:01.677853 2021] [mpm_winnt:notice] [pid 19764:tid 576] AH00418: Parent: Created child process 31860
[Tue Mar 02 08:26:02.573175 2021] [ssl:warn] [pid 31860:tid 616] AH01909: www.example.com:443:0 server certificate does NOT include an ID which matches the server name
[Tue Mar 02 08:26:02.689177 2021] [ssl:warn] [pid 31860:tid 616] AH01909: www.example.com:443:0 server certificate does NOT include an ID which matches the server name
[Tue Mar 02 08:26:02.741177 2021] [mpm_winnt:notice] [pid 31860:tid 616] AH00354: Child: Starting 150 worker threads.
[Tue Mar 02 09:05:45.416811 2021] [ssl:warn] [pid 8536:tid 520] AH01909: www.example.com:443:0 server certificate does NOT include an ID which matches the server name
[Tue Mar 02 09:05:45.513855 2021] [core:warn] [pid 8536:tid 520] AH00098: pid file C:/Users/tdavi/Documents/GitHub/SeniorProject/xampp/apache/logs/httpd.pid overwritten -- Unclean shutdown of previous Apache run?
[Tue Mar 02 09:05:45.525873 2021] [ssl:warn] [pid 8536:tid 520] AH01909: www.example.com:443:0 server certificate does NOT include an ID which matches the server name
[Tue Mar 02 09:05:46.027366 2021] [mpm_winnt:notice] [pid 8536:tid 520] AH00455: Apache/2.4.46 (Win64) OpenSSL/1.1.1h PHP/8.0.2 configured -- resuming normal operations
[Tue Mar 02 09:05:46.027366 2021] [mpm_winnt:notice] [pid 8536:tid 520] AH00456: Apache Lounge VS16 Server built: Oct  2 2020 11:45:39
[Tue Mar 02 09:05:46.027366 2021] [core:notice] [pid 8536:tid 520] AH00094: Command line: 'c:\\users\\tdavi\\documents\\github\\seniorproject\\xampp\\apache\\bin\\httpd.exe -d C:/Users/tdavi/Documents/GitHub/SeniorProject/xampp/apache'
[Tue Mar 02 09:05:46.031374 2021] [mpm_winnt:notice] [pid 8536:tid 520] AH00418: Parent: Created child process 5408
[Tue Mar 02 09:05:46.687243 2021] [ssl:warn] [pid 5408:tid 604] AH01909: www.example.com:443:0 server certificate does NOT include an ID which matches the server name
[Tue Mar 02 09:05:46.779284 2021] [ssl:warn] [pid 5408:tid 604] AH01909: www.example.com:443:0 server certificate does NOT include an ID which matches the server name
[Tue Mar 02 09:05:46.827276 2021] [mpm_winnt:notice] [pid 5408:tid 604] AH00354: Child: Starting 150 worker threads.
[Thu Mar 04 14:55:02.488436 2021] [ssl:warn] [pid 1392:tid 480] AH01909: www.example.com:443:0 server certificate does NOT include an ID which matches the server name
[Thu Mar 04 14:55:02.527936 2021] [core:warn] [pid 1392:tid 480] AH00098: pid file C:/Users/tdavi/Documents/GitHub/SeniorProject/xampp/apache/logs/httpd.pid overwritten -- Unclean shutdown of previous Apache run?
[Thu Mar 04 14:55:02.531936 2021] [ssl:warn] [pid 1392:tid 480] AH01909: www.example.com:443:0 server certificate does NOT include an ID which matches the server name
[Thu Mar 04 14:55:02.724798 2021] [mpm_winnt:notice] [pid 1392:tid 480] AH00455: Apache/2.4.46 (Win64) OpenSSL/1.1.1h PHP/8.0.2 configured -- resuming normal operations
[Thu Mar 04 14:55:02.724798 2021] [mpm_winnt:notice] [pid 1392:tid 480] AH00456: Apache Lounge VS16 Server built: Oct  2 2020 11:45:39
[Thu Mar 04 14:55:02.724798 2021] [core:notice] [pid 1392:tid 480] AH00094: Command line: 'c:\\users\\tdavi\\documents\\github\\seniorproject\\xampp\\apache\\bin\\httpd.exe -d C:/Users/tdavi/Documents/GitHub/SeniorProject/xampp/apache'
[Thu Mar 04 14:55:02.726800 2021] [mpm_winnt:notice] [pid 1392:tid 480] AH00418: Parent: Created child process 26536
[Thu Mar 04 14:55:03.059300 2021] [ssl:warn] [pid 26536:tid 628] AH01909: www.example.com:443:0 server certificate does NOT include an ID which matches the server name
[Thu Mar 04 14:55:03.097797 2021] [ssl:warn] [pid 26536:tid 628] AH01909: www.example.com:443:0 server certificate does NOT include an ID which matches the server name
[Thu Mar 04 14:55:03.116297 2021] [mpm_winnt:notice] [pid 26536:tid 628] AH00354: Child: Starting 150 worker threads.
[Thu Mar 04 14:58:23.969778 2021] [php:warn] [pid 26536:tid 1832] [client ::1:54179] PHP Warning:  mysqli_connect(): (HY000/1049): Unknown database 'cms' in C:\\Users\\tdavi\\Documents\\GitHub\\SeniorProject\\xampp\\htdocs\\cms-master\\includes\\db.php on line 11
[Thu Mar 04 14:58:23.989278 2021] [php:error] [pid 26536:tid 1832] [client ::1:54179] PHP Fatal error:  Uncaught TypeError: mysqli_query(): Argument #1 ($mysql) must be of type mysqli, bool given in C:\\Users\\tdavi\\Documents\\GitHub\\SeniorProject\\xampp\\htdocs\\cms-master\\includes\\navigation.php:21\nStack trace:\n#0 C:\\Users\\tdavi\\Documents\\GitHub\\SeniorProject\\xampp\\htdocs\\cms-master\\includes\\navigation.php(21): mysqli_query(false, 'SELECT * FROM c...')\n#1 C:\\Users\\tdavi\\Documents\\GitHub\\SeniorProject\\xampp\\htdocs\\cms-master\\index.php(4): include('C:\\\\Users\\\\tdavi\\\\...')\n#2 {main}\n  thrown in C:\\Users\\tdavi\\Documents\\GitHub\\SeniorProject\\xampp\\htdocs\\cms-master\\includes\\navigation.php on line 21
[Thu Mar 04 15:02:41.800895 2021] [php:warn] [pid 26536:tid 1796] [client ::1:54433] PHP Warning:  Undefined variable $message in C:\\Users\\tdavi\\Documents\\GitHub\\SeniorProject\\xampp\\htdocs\\cms-master\\registration.php on line 51, referer: http://localhost/cms-master/
[Thu Mar 04 15:03:06.830890 2021] [php:notice] [pid 26536:tid 1796] [client ::1:54443] db_password:$2y$10$iusesomecrazystrings1uq9lIY3QxyJrVvDLBdpJXUy8yFMOFGTa, referer: http://localhost/cms-master/index.php
[Thu Mar 04 15:03:06.882389 2021] [php:notice] [pid 26536:tid 1796] [client ::1:54443]    password:$2y$10$iusesomecrazystrings1uq9lIY3QxyJrVvDLBdpJXUy8yFMOFGTa, referer: http://localhost/cms-master/index.php
[Thu Mar 04 15:06:25.160449 2021] [php:notice] [pid 26536:tid 1796] [client ::1:54570] db_password:$2y$10$iusesomecrazystrings1uq9lIY3QxyJrVvDLBdpJXUy8yFMOFGTa, referer: http://localhost/cms-master/index.php
[Thu Mar 04 15:06:25.212949 2021] [php:notice] [pid 26536:tid 1796] [client ::1:54570]    password:$2y$10$iusesomecrazystrings1uq9lIY3QxyJrVvDLBdpJXUy8yFMOFGTa, referer: http://localhost/cms-master/index.php
[Thu Mar 04 15:07:17.439028 2021] [php:notice] [pid 26536:tid 1808] [client ::1:54632] db_password:$2y$10$iusesomecrazystrings1uq9lIY3QxyJrVvDLBdpJXUy8yFMOFGTa, referer: http://localhost/cms-master/
[Thu Mar 04 15:07:17.491527 2021] [php:notice] [pid 26536:tid 1808] [client ::1:54632]    password:$2y$10$iusesomecrazystrings1uq9lIY3QxyJrVvDLBdpJXUy8yFMOFGTa, referer: http://localhost/cms-master/
[Thu Mar 04 15:10:16.338109 2021] [php:notice] [pid 26536:tid 1796] [client ::1:54723] db_password:$2y$10$iusesomecrazystrings1uq9lIY3QxyJrVvDLBdpJXUy8yFMOFGTa, referer: http://localhost/cms-master/
[Thu Mar 04 15:10:16.393107 2021] [php:notice] [pid 26536:tid 1796] [client ::1:54723]    password:$2y$10$iusesomecrazystrings1uq9lIY3QxyJrVvDLBdpJXUy8yFMOFGTa, referer: http://localhost/cms-master/
[Thu Mar 04 15:10:59.411042 2021] [php:notice] [pid 26536:tid 1808] [client ::1:54738] db_password:$2y$10$iusesomecrazystrings1ulpaUESTP6FW2bJ.XRqoYBKz8qplb88e, referer: http://localhost/cms-master/index.php
[Thu Mar 04 15:10:59.464038 2021] [php:notice] [pid 26536:tid 1808] [client ::1:54738]    password:$2y$10$iusesomecrazystrings1uq9lIY3QxyJrVvDLBdpJXUy8yFMOFGTa, referer: http://localhost/cms-master/index.php
[Thu Mar 04 15:11:39.980078 2021] [php:notice] [pid 26536:tid 1796] [client ::1:54761] db_password:$2y$10$iusesomecrazystrings1uvXMOXlmEX.A1CFtrOOG/r92dZgLL/rS, referer: http://localhost/cms-master/index.php
[Thu Mar 04 15:11:40.032075 2021] [php:notice] [pid 26536:tid 1796] [client ::1:54761]    password:$2y$10$iusesomecrazystrings1uvXMOXlmEX.A1CFtrOOG/r92dZgLL/rS, referer: http://localhost/cms-master/index.php
